<?xml version="1.0" encoding="UTF-8"?>
<!-- Generated by org.testng.reporters.JUnitReportReporter -->
<testsuite hostname="LAPTOP-R176C8G8" failures="0" tests="3" name="qaClickacademy.ecommerce.ClothingTest" time="0.008" errors="0" timestamp="2022-02-15T20:15:58 IST" skipped="0">
  <testcase classname="qaClickacademy.ecommerce.ClothingTest" name="KidsWear" time="0.001"/>
  <system-out/>
  <testcase classname="qaClickacademy.ecommerce.ClothingTest" name="GentsWear" time="0.005"/>
  <system-out/>
  <testcase classname="qaClickacademy.ecommerce.ClothingTest" name="Ladieswear" time="0.002"/>
  <system-out/>
</testsuite> <!-- qaClickacademy.ecommerce.ClothingTest -->
