<?xml version="1.0" encoding="UTF-8"?>
<!-- Generated by org.testng.reporters.JUnitReportReporter -->
<testsuite hostname="LAPTOP-R176C8G8" failures="0" tests="2" name="qaClickacademy.ecommerce.Electronics" time="0.002" errors="0" timestamp="2022-02-15T19:42:52 IST" skipped="0">
  <testcase classname="qaClickacademy.ecommerce.Electronics" name="Camera" time="0.001"/>
  <system-out/>
  <testcase classname="qaClickacademy.ecommerce.Electronics" name="Mobiles" time="0.001"/>
  <system-out/>
</testsuite> <!-- qaClickacademy.ecommerce.Electronics -->
