<?xml version="1.0" encoding="UTF-8"?>
<!-- Generated by org.testng.reporters.JUnitReportReporter -->
<testsuite skipped="0" hostname="LAPTOP-R176C8G8" name="qaClickacademy.ecommerce.Clothing" tests="3" failures="0" timestamp="2022-02-15T20:20:51 IST" time="0.004" errors="0">
  <testcase name="GentsWear" time="0.004" classname="qaClickacademy.ecommerce.Clothing"/>
  <system-out/>
  <testcase name="KidsWear" time="0.000" classname="qaClickacademy.ecommerce.Clothing"/>
  <system-out/>
  <testcase name="Ladieswear" time="0.000" classname="qaClickacademy.ecommerce.Clothing"/>
  <system-out/>
</testsuite> <!-- qaClickacademy.ecommerce.Clothing -->
